TN:
SF:src/modules/appointments/services/CreateAppointmentService.ts
FN:13,CreateAppointmentService
FN:18,Object.<anonymous>.CreateAppointmentService.execute
FNF:2
FNH:2
FNDA:2,CreateAppointmentService
FNDA:3,Object.<anonymous>.CreateAppointmentService.execute
DA:1,1
DA:2,1
DA:3,1
DA:4,1
DA:5,1
DA:6,1
DA:7,1
DA:8,1
DA:9,1
DA:10,1
DA:11,1
DA:12,1
DA:13,1
DA:14,2
DA:15,2
DA:16,2
DA:17,1
DA:18,1
DA:19,3
DA:20,3
DA:21,3
DA:22,3
DA:23,3
DA:24,3
DA:25,3
DA:26,1
DA:27,1
DA:28,2
DA:29,2
DA:30,2
DA:31,2
DA:32,2
DA:33,3
DA:34,3
DA:35,1
DA:36,1
LF:36
LH:36
BRDA:12,0,0,1
BRDA:13,1,0,2
BRDA:18,2,0,3
BRDA:25,3,0,1
BRDA:28,4,0,2
BRF:5
BRH:5
end_of_record
TN:
SF:src/modules/devices/services/CreateDeviceService.ts
FN:15,CreateDeviceService
FN:20,Object.<anonymous>.CreateDeviceService.execute
FNF:2
FNH:2
FNDA:2,CreateDeviceService
FNDA:3,Object.<anonymous>.CreateDeviceService.execute
DA:1,1
DA:2,1
DA:3,1
DA:4,1
DA:5,1
DA:6,1
DA:7,1
DA:8,1
DA:9,1
DA:10,1
DA:11,1
DA:12,1
DA:13,1
DA:14,1
DA:15,1
DA:16,2
DA:17,2
DA:18,2
DA:19,1
DA:20,1
DA:21,3
DA:22,3
DA:23,3
DA:24,3
DA:25,3
DA:26,3
DA:27,3
DA:28,3
DA:29,1
DA:30,1
DA:31,1
DA:32,1
DA:33,1
DA:34,2
DA:35,2
DA:36,2
DA:37,2
DA:38,2
DA:39,2
DA:40,3
DA:41,3
DA:42,3
DA:43,1
DA:44,1
LF:44
LH:44
BRDA:14,0,0,1
BRDA:15,1,0,2
BRDA:20,2,0,3
BRDA:26,3,0,3
BRDA:28,4,0,1
BRDA:34,5,0,2
BRF:6
BRH:6
end_of_record
TN:
SF:src/modules/devices/services/GetConfigurationsDeviceService.ts
FN:11,CreateDeviceService
FN:16,Object.<anonymous>.CreateDeviceService.execute
FNF:2
FNH:2
FNDA:2,CreateDeviceService
FNDA:2,Object.<anonymous>.CreateDeviceService.execute
DA:1,1
DA:2,1
DA:3,1
DA:4,1
DA:5,1
DA:6,1
DA:7,1
DA:8,1
DA:9,1
DA:10,1
DA:11,1
DA:12,2
DA:13,2
DA:14,2
DA:15,1
DA:16,1
DA:17,2
DA:18,2
DA:19,2
DA:20,1
DA:21,1
DA:22,1
DA:23,1
DA:24,1
DA:25,1
DA:26,2
DA:27,1
DA:28,1
LF:28
LH:28
BRDA:10,0,0,1
BRDA:11,1,0,2
BRDA:16,2,0,2
BRDA:17,3,0,2
BRDA:19,4,0,1
BRF:5
BRH:5
end_of_record
TN:
SF:src/modules/devices/services/SendNotificationService.ts
FN:16,SendNotificationService
FN:25,Object.<anonymous>.SendNotificationService.execute
FNF:2
FNH:2
FNDA:2,SendNotificationService
FNDA:2,Object.<anonymous>.SendNotificationService.execute
DA:1,1
DA:2,1
DA:3,1
DA:4,1
DA:5,1
DA:6,1
DA:7,1
DA:8,1
DA:9,1
DA:10,1
DA:11,1
DA:12,1
DA:13,1
DA:14,1
DA:15,1
DA:16,1
DA:17,2
DA:18,2
DA:19,2
DA:20,2
DA:21,2
DA:22,2
DA:23,2
DA:24,1
DA:25,1
DA:26,2
DA:27,2
DA:28,2
DA:29,2
DA:30,2
DA:31,2
DA:32,2
DA:33,2
DA:34,2
DA:35,1
DA:36,1
DA:37,1
DA:38,2
DA:39,2
DA:40,2
DA:41,2
DA:42,2
DA:43,2
DA:44,2
DA:45,2
DA:46,2
DA:47,1
DA:48,1
LF:48
LH:48
BRDA:15,0,0,1
BRDA:16,1,0,2
BRDA:25,2,0,2
BRDA:30,3,0,2
BRDA:34,4,0,1
BRF:5
BRH:5
end_of_record
TN:
SF:src/modules/users/services/CreateSessionService.ts
FN:19,CreateSessionService
FN:26,Object.<anonymous>.CreateSessionService.execute
FNF:2
FNH:2
FNDA:3,CreateSessionService
FNDA:3,Object.<anonymous>.CreateSessionService.execute
DA:1,1
DA:2,1
DA:3,1
DA:4,1
DA:5,1
DA:6,1
DA:7,1
DA:8,1
DA:9,1
DA:10,1
DA:11,1
DA:12,1
DA:13,1
DA:14,1
DA:15,1
DA:16,1
DA:17,1
DA:18,1
DA:19,1
DA:20,3
DA:21,3
DA:22,3
DA:23,3
DA:24,3
DA:25,1
DA:26,1
DA:27,3
DA:28,3
DA:29,3
DA:30,3
DA:31,1
DA:32,1
DA:33,2
DA:34,2
DA:35,2
DA:36,2
DA:37,3
DA:38,3
DA:39,1
DA:40,1
DA:41,1
DA:42,1
DA:43,1
DA:44,1
DA:45,1
DA:46,1
DA:47,1
DA:48,3
DA:49,1
DA:50,1
LF:50
LH:50
BRDA:18,0,0,1
BRDA:19,1,0,3
BRDA:26,2,0,3
BRDA:30,3,0,1
BRDA:33,4,0,2
BRDA:38,5,0,1
BRF:6
BRH:6
end_of_record
TN:
SF:src/modules/users/services/CreateUserService.ts
FN:15,CreateUserService
FN:22,Object.<anonymous>.CreateUserService.execute
FNF:2
FNH:2
FNDA:7,CreateUserService
FNDA:9,Object.<anonymous>.CreateUserService.execute
DA:1,1
DA:2,1
DA:3,1
DA:4,1
DA:5,1
DA:6,1
DA:7,1
DA:8,1
DA:9,1
DA:10,1
DA:11,1
DA:12,1
DA:13,1
DA:14,3
DA:15,3
DA:16,7
DA:17,7
DA:18,7
DA:19,7
DA:20,7
DA:21,3
DA:22,3
DA:23,9
DA:24,9
DA:25,2
DA:26,2
DA:27,9
DA:28,1
DA:29,1
DA:30,6
DA:31,9
DA:32,9
DA:33,9
DA:34,9
DA:35,9
DA:36,9
DA:37,9
DA:38,9
DA:39,9
DA:40,3
DA:41,1
LF:41
LH:41
BRDA:14,0,0,3
BRDA:15,1,0,7
BRDA:22,2,0,9
BRDA:23,3,0,9
BRDA:24,4,0,8
BRDA:24,5,0,7
BRDA:24,6,0,2
BRDA:27,7,0,7
BRDA:27,8,0,1
BRDA:30,9,0,6
BRF:10
BRH:10
end_of_record
TN:
SF:src/modules/users/services/ResetPasswordService.ts
FN:13,ResetPasswordService
FN:20,Object.<anonymous>.ResetPasswordService.execute
FNF:2
FNH:2
FNDA:2,ResetPasswordService
FNDA:2,Object.<anonymous>.ResetPasswordService.execute
DA:1,1
DA:2,1
DA:3,1
DA:4,1
DA:5,1
DA:6,1
DA:7,1
DA:8,1
DA:9,1
DA:10,1
DA:11,1
DA:12,1
DA:13,1
DA:14,2
DA:15,2
DA:16,2
DA:17,2
DA:18,2
DA:19,1
DA:20,1
DA:21,2
DA:22,2
DA:23,2
DA:24,1
DA:25,1
DA:26,1
DA:27,1
DA:28,2
DA:29,2
DA:30,0
DA:31,0
DA:32,2
DA:33,2
DA:34,2
DA:35,2
DA:36,2
DA:37,1
DA:38,1
LF:38
LH:36
BRDA:12,0,0,1
BRDA:13,1,0,2
BRDA:20,2,0,2
BRDA:21,3,0,2
BRDA:23,4,0,1
BRDA:29,5,0,0
BRF:6
BRH:5
end_of_record
TN:
SF:src/modules/users/services/SendEmailForgotPasswordService.ts
FN:13,SendEmailForgotPasswordService
FN:22,Object.<anonymous>.SendEmailForgotPasswordService.execute
FNF:2
FNH:2
FNDA:3,SendEmailForgotPasswordService
FNDA:3,Object.<anonymous>.SendEmailForgotPasswordService.execute
DA:1,1
DA:2,1
DA:3,1
DA:4,1
DA:5,1
DA:6,1
DA:7,1
DA:8,1
DA:9,1
DA:10,1
DA:11,1
DA:12,1
DA:13,1
DA:14,3
DA:15,3
DA:16,3
DA:17,3
DA:18,3
DA:19,3
DA:20,3
DA:21,1
DA:22,1
DA:23,3
DA:24,3
DA:25,1
DA:26,1
DA:27,2
DA:28,3
DA:29,3
DA:30,3
DA:31,3
DA:32,3
DA:33,3
DA:34,1
DA:35,1
LF:35
LH:35
BRDA:12,0,0,1
BRDA:13,1,0,3
BRDA:22,2,0,3
BRDA:23,3,0,3
BRDA:24,4,0,1
BRDA:27,5,0,2
BRF:6
BRH:6
end_of_record
TN:
SF:src/modules/users/services/UpdateAvatarUserService.ts
FN:13,UpdateAvatarUserService
FN:20,Object.<anonymous>.UpdateAvatarUserService.execute
FNF:2
FNH:2
FNDA:3,UpdateAvatarUserService
FNDA:4,Object.<anonymous>.UpdateAvatarUserService.execute
DA:1,1
DA:2,1
DA:3,1
DA:4,1
DA:5,1
DA:6,1
DA:7,1
DA:8,1
DA:9,1
DA:10,1
DA:11,1
DA:12,1
DA:13,1
DA:14,3
DA:15,3
DA:16,3
DA:17,3
DA:18,3
DA:19,1
DA:20,1
DA:21,4
DA:22,4
DA:23,4
DA:24,1
DA:25,1
DA:26,4
DA:27,1
DA:28,1
DA:29,3
DA:30,4
DA:31,4
DA:32,4
DA:33,4
DA:34,4
DA:35,1
DA:36,1
DA:37,1
LF:37
LH:37
BRDA:12,0,0,1
BRDA:13,1,0,3
BRDA:20,2,0,4
BRDA:21,3,0,4
BRDA:23,4,0,1
BRDA:26,5,0,3
BRDA:26,6,0,1
BRDA:29,7,0,3
BRF:8
BRH:8
end_of_record
